2023-02-10T15:20:53.564751500:aboba:joined the chat
2023-02-10T15:21:07.316590300:gigachad:joined the chat
2023-02-10T15:21:07.317587500:gigachad:joined the chat
2023-02-10T15:21:11.093589400:gigachad:hello
2023-02-10T15:21:11.093589400:gigachad:hello
2023-02-10T15:21:14.126029600:aboba:hello
2023-02-10T15:21:14.126029600:aboba:hello
2023-02-10T15:21:20.693645300:gigachad:how
2023-02-10T15:21:20.693645300:gigachad:how
2023-02-10T15:21:23.901078100:aboba:magic
2023-02-10T15:21:23.902047400:aboba:magic
2023-02-10T15:21:39.605297:gigachad:good
2023-02-10T15:21:39.605297:gigachad:good
2023-02-10T15:21:43.517783900:aboba:real
2023-02-10T15:21:43.517783900:aboba:real
2023-02-10T16:04:08.530938400:client message: 0:joined the chat
2023-02-10T16:04:08.535925:client message: 0:client message: 1
2023-02-10T16:04:08.535925:client message: 0:client message: 2
2023-02-10T16:04:08.535925:client message: 0:client message: 3
2023-02-10T16:04:08.536922600:client message: 0:client message: 4
2023-02-10T16:06:36.791417800:client message: 0:joined the chat
2023-02-10T16:06:38.802728:client message: 0:client message: 1
2023-02-10T16:06:39.839920400:client message: 0:client message: 2
2023-02-10T16:06:40.095567600:client message: 0:client message: 3
2023-02-10T16:06:41.065408300:client message: 0:client message: 4
2023-02-10T16:07:29.616630900:client message: 0:joined the chat
2023-02-10T16:07:29.621618100:client message: 0:client message: 1
2023-02-10T16:07:29.622615100:client message: 0:client message: 2
2023-02-10T16:07:29.622615100:client message: 0:client message: 3
2023-02-10T16:07:29.622615100:client message: 0:client message: 4
2023-02-10T16:08:00.183902200:client message: 0:joined the chat
2023-02-10T16:08:00.189886300:client message: 0:client message: 1
2023-02-10T16:08:00.190883:client message: 0:client message: 2
2023-02-10T16:08:00.190883:client message: 0:client message: 3
2023-02-10T16:08:00.190883:client message: 0:client message: 4
2023-02-10T16:09:57.751037800:client message: 0:joined the chat
2023-02-10T16:09:58.853496400:client message: 0:client message: 1
2023-02-10T16:10:00.222532600:client message: 0:client message: 2
2023-02-10T16:10:01.333884400:client message: 0:client message: 3
2023-02-10T16:10:02.763921:client message: 0:client message: 4
2023-02-10T16:10:24.357342800:client message: 0:joined the chat
2023-02-10T16:10:24.362329300:client message: 0:client message: 1
2023-02-10T16:10:24.363326900:client message: 0:client message: 2
2023-02-10T16:10:24.363326900:client message: 0:client message: 3
2023-02-10T16:10:24.363326900:client message: 0:client message: 4
2023-02-10T16:14:49.634679900:client message: 0:joined the chat
2023-02-10T16:14:49.640664:client message: 0:client message: 1
2023-02-10T16:14:49.640664:client message: 0:client message: 2
2023-02-10T16:14:49.640664:client message: 0:client message: 3
2023-02-10T16:14:49.640664:client message: 0:client message: 4
2023-02-10T16:14:49.641661300:client message: 0:joined the chat
2023-02-10T16:14:49.642659200:client message: 0:joined the chat
2023-02-10T16:14:49.642659200:client message: 0:client message: 1
2023-02-10T16:14:49.642659200:client message: 0:client message: 1
2023-02-10T16:14:49.643655900:client message: 0:client message: 2
2023-02-10T16:14:49.643655900:client message: 0:client message: 2
2023-02-10T16:14:49.643655900:client message: 0:client message: 3
2023-02-10T16:14:49.643655900:client message: 0:client message: 3
2023-02-10T16:14:49.644653700:client message: 0:client message: 4
2023-02-10T16:14:49.644653700:client message: 0:client message: 4
2023-02-10T16:14:49.644653700:client message: 0:joined the chat
2023-02-10T16:14:49.644653700:client message: 0:joined the chat
2023-02-10T16:14:49.645650900:client message: 0:joined the chat
2023-02-10T16:14:49.645650900:client message: 0:client message: 1
2023-02-10T16:14:49.645650900:client message: 0:client message: 1
2023-02-10T16:14:49.645650900:client message: 0:client message: 1
2023-02-10T16:14:49.645650900:client message: 0:client message: 2
2023-02-10T16:14:49.646647700:client message: 0:client message: 2
2023-02-10T16:14:49.646647700:client message: 0:client message: 2
2023-02-10T16:14:49.646647700:client message: 0:client message: 3
2023-02-10T16:14:49.646647700:client message: 0:client message: 3
2023-02-10T16:14:49.646647700:client message: 0:client message: 3
2023-02-10T16:14:49.647645300:client message: 0:client message: 4
2023-02-10T16:14:49.647645300:client message: 0:joined the chat
2023-02-10T16:14:49.647645300:client message: 0:client message: 4
2023-02-10T16:14:49.647645300:client message: 0:joined the chat
2023-02-10T16:14:49.647645300:client message: 0:client message: 4
2023-02-10T16:14:49.647645300:client message: 0:joined the chat
2023-02-10T16:14:49.647645300:client message: 0:client message: 4
2023-02-10T16:14:49.648642500:client message: 0:joined the chat
2023-02-10T16:14:49.648642500:client message: 0:client message: 1
2023-02-10T16:14:49.648642500:client message: 0:client message: 1
2023-02-10T16:14:49.648642500:client message: 0:client message: 1
2023-02-10T16:14:49.648642500:client message: 0:client message: 1
2023-02-10T16:14:49.648642500:client message: 0:client message: 2
2023-02-10T16:14:49.649640300:client message: 0:client message: 2
2023-02-10T16:14:49.649640300:client message: 0:client message: 2
2023-02-10T16:14:49.649640300:client message: 0:client message: 2
2023-02-10T16:14:49.649640300:client message: 0:client message: 3
2023-02-10T16:14:49.649640300:client message: 0:joined the chat
2023-02-10T16:14:49.650637400:client message: 0:client message: 3
2023-02-10T16:14:49.650637400:client message: 0:joined the chat
2023-02-10T16:14:49.650637400:client message: 0:client message: 3
2023-02-10T16:14:49.650637400:client message: 0:joined the chat
2023-02-10T16:14:49.650637400:client message: 0:client message: 3
2023-02-10T16:14:49.650637400:client message: 0:joined the chat
2023-02-10T16:14:49.650637400:client message: 0:client message: 3
2023-02-10T16:14:49.650637400:client message: 0:joined the chat
2023-02-10T16:14:49.650637400:client message: 0:client message: 1
2023-02-10T16:14:49.651634300:client message: 0:client message: 1
2023-02-10T16:14:49.651634300:client message: 0:client message: 1
2023-02-10T16:14:49.651634300:client message: 0:client message: 1
2023-02-10T16:14:49.651634300:client message: 0:client message: 1
2023-02-10T16:14:49.651634300:client message: 0:client message: 2
2023-02-10T16:14:49.651634300:client message: 0:client message: 2
2023-02-10T16:14:49.651634300:client message: 0:client message: 2
2023-02-10T16:14:49.652631800:client message: 0:client message: 2
2023-02-10T16:14:49.652631800:client message: 0:client message: 2
2023-02-10T16:14:49.652631800:client message: 0:client message: 3
2023-02-10T16:14:49.652631800:client message: 0:joined the chat
2023-02-10T16:14:49.652631800:client message: 0:client message: 3
2023-02-10T16:14:49.652631800:client message: 0:joined the chat
2023-02-10T16:14:49.652631800:client message: 0:client message: 3
2023-02-10T16:14:49.652631800:client message: 0:joined the chat
2023-02-10T16:14:49.652631800:client message: 0:client message: 3
2023-02-10T16:14:49.653629200:client message: 0:joined the chat
2023-02-10T16:14:49.653629200:client message: 0:client message: 3
2023-02-10T16:14:49.653629200:client message: 0:joined the chat
2023-02-10T16:14:49.653629200:client message: 0:joined the chat
2023-02-10T16:14:49.653629200:client message: 0:client message: 1
2023-02-10T16:14:49.653629200:client message: 0:client message: 1
2023-02-10T16:14:49.654626400:client message: 0:client message: 1
2023-02-10T16:14:49.654626400:client message: 0:client message: 1
2023-02-10T16:14:49.654626400:client message: 0:client message: 1
2023-02-10T16:14:49.654626400:client message: 0:client message: 1
2023-02-10T16:14:49.654626400:client message: 0:client message: 2
2023-02-10T16:14:49.654626400:client message: 0:client message: 2
2023-02-10T16:14:49.655623800:client message: 0:client message: 2
2023-02-10T16:14:49.655623800:client message: 0:client message: 2
2023-02-10T16:14:49.655623800:client message: 0:client message: 2
2023-02-10T16:14:49.655623800:client message: 0:client message: 2
2023-02-10T16:14:49.655623800:client message: 0:client message: 3
2023-02-10T16:14:49.655623800:client message: 0:client message: 3
2023-02-10T16:14:49.655623800:client message: 0:client message: 3
2023-02-10T16:14:49.656621700:client message: 0:client message: 3
2023-02-10T16:14:49.656621700:client message: 0:client message: 3
2023-02-10T16:14:49.656621700:client message: 0:joined the chat
2023-02-10T16:14:49.656621700:client message: 0:client message: 3
2023-02-10T16:14:49.656621700:client message: 0:joined the chat
2023-02-10T16:14:49.656621700:client message: 0:joined the chat
2023-02-10T16:14:49.656621700:client message: 0:client message: 3
2023-02-10T16:14:49.656621700:client message: 0:joined the chat
2023-02-10T16:14:49.656621700:client message: 0:joined the chat
2023-02-10T16:14:49.657618600:client message: 0:joined the chat
2023-02-10T16:14:49.657618600:client message: 0:joined the chat
2023-02-10T16:14:49.657618600:client message: 0:client message: 1
2023-02-10T16:14:49.657618600:client message: 0:client message: 1
2023-02-10T16:14:49.658616400:client message: 0:client message: 1
2023-02-10T16:14:49.658616400:client message: 0:client message: 1
2023-02-10T16:14:49.658616400:client message: 0:client message: 1
2023-02-10T16:14:49.658616400:client message: 0:client message: 1
2023-02-10T16:14:49.659613200:client message: 0:client message: 1
2023-02-10T16:14:49.659613200:client message: 0:client message: 2
2023-02-10T16:14:49.659613200:client message: 0:client message: 2
2023-02-10T16:14:49.660611300:client message: 0:client message: 2
2023-02-10T16:14:49.660611300:client message: 0:client message: 2
2023-02-10T16:14:49.660611300:client message: 0:client message: 2
2023-02-10T16:14:49.660611300:client message: 0:client message: 2
2023-02-10T16:14:49.660611300:client message: 0:client message: 2
2023-02-10T16:14:49.661609200:client message: 0:client message: 3
2023-02-10T16:14:49.661609200:client message: 0:client message: 3
2023-02-10T16:14:49.661609200:client message: 0:joined the chat
2023-02-10T16:14:49.661609200:client message: 0:client message: 3
2023-02-10T16:14:49.662605200:client message: 0:client message: 3
2023-02-10T16:14:49.661609200:client message: 0:joined the chat
2023-02-10T16:14:49.662605200:client message: 0:client message: 3
2023-02-10T16:14:49.662605200:client message: 0:client message: 3
2023-02-10T16:14:49.662605200:client message: 0:joined the chat
2023-02-10T16:14:49.662605200:client message: 0:joined the chat
2023-02-10T16:14:49.662605200:client message: 0:client message: 3
2023-02-10T16:14:49.663602900:client message: 0:joined the chat
2023-02-10T16:14:49.663602900:client message: 0:client message: 3
2023-02-10T16:14:49.663602900:client message: 0:joined the chat
2023-02-10T16:14:49.663602900:client message: 0:joined the chat
2023-02-10T16:14:49.663602900:client message: 0:joined the chat
2023-02-10T16:14:49.664599900:client message: 0:client message: 1
2023-02-10T16:14:49.664599900:client message: 0:client message: 1
2023-02-10T16:14:49.665598200:client message: 0:client message: 1
2023-02-10T16:14:49.665598200:client message: 0:client message: 1
2023-02-10T16:14:49.665598200:client message: 0:client message: 1
2023-02-10T16:14:49.665598200:client message: 0:client message: 1
2023-02-10T16:14:49.666594900:client message: 0:client message: 1
2023-02-10T16:14:49.666594900:client message: 0:client message: 1
2023-02-10T16:14:49.667591800:client message: 0:client message: 2
2023-02-10T16:14:49.667591800:client message: 0:client message: 2
2023-02-10T16:14:49.667591800:client message: 0:client message: 2
2023-02-10T16:14:49.667591800:client message: 0:client message: 2
2023-02-10T16:14:49.668589500:client message: 0:client message: 2
2023-02-10T16:14:49.668589500:client message: 0:client message: 2
2023-02-10T16:14:49.669586900:client message: 0:joined the chat
2023-02-10T16:14:49.668589500:client message: 0:client message: 2
2023-02-10T16:14:49.669586900:client message: 0:client message: 2
2023-02-10T16:14:49.669586900:client message: 0:joined the chat
2023-02-10T16:14:49.670584:client message: 0:client message: 3
2023-02-10T16:14:49.670584:client message: 0:joined the chat
2023-02-10T16:14:49.670584:client message: 0:joined the chat
2023-02-10T16:14:49.670584:client message: 0:client message: 3
2023-02-10T16:14:49.670584:client message: 0:joined the chat
2023-02-10T16:14:49.670584:client message: 0:client message: 3
2023-02-10T16:14:49.670584:client message: 0:joined the chat
2023-02-10T16:14:49.670584:client message: 0:client message: 3
2023-02-10T16:14:49.670584:client message: 0:joined the chat
2023-02-10T16:14:49.670584:client message: 0:client message: 3
2023-02-10T16:14:49.670584:client message: 0:joined the chat
2023-02-10T16:14:49.671581200:client message: 0:joined the chat
2023-02-10T16:14:49.671581200:client message: 0:client message: 3
2023-02-10T16:14:49.671581200:client message: 0:client message: 1
2023-02-10T16:14:49.671581200:client message: 0:client message: 1
2023-02-10T16:14:49.671581200:client message: 0:client message: 1
2023-02-10T16:14:49.671581200:client message: 0:client message: 1
2023-02-10T16:14:49.671581200:client message: 0:client message: 3
2023-02-10T16:14:49.672579600:client message: 0:client message: 1
2023-02-10T16:14:49.672579600:client message: 0:client message: 3
2023-02-10T16:14:49.672579600:client message: 0:client message: 1
2023-02-10T16:14:49.672579600:client message: 0:client message: 3
2023-02-10T16:14:49.672579600:client message: 0:client message: 1
2023-02-10T16:14:49.672579600:client message: 0:client message: 1
2023-02-10T16:14:49.672579600:client message: 0:client message: 1
2023-02-10T16:14:49.673576:client message: 0:client message: 2
2023-02-10T16:14:49.673576:client message: 0:client message: 2
2023-02-10T16:14:49.673576:client message: 0:client message: 2
2023-02-10T16:14:49.673576:client message: 0:client message: 2
2023-02-10T16:14:49.673576:client message: 0:client message: 2
2023-02-10T16:14:49.674573400:client message: 0:client message: 2
2023-02-10T16:14:49.674573400:client message: 0:client message: 2
2023-02-10T16:14:49.674573400:client message: 0:client message: 2
2023-02-10T16:14:49.674573400:client message: 0:client message: 2
2023-02-10T16:14:49.674573400:client message: 0:client message: 3
2023-02-10T16:14:49.675570700:client message: 0:client message: 3
2023-02-10T16:14:49.675570700:client message: 0:joined the chat
2023-02-10T16:14:49.675570700:client message: 0:client message: 3
2023-02-10T16:14:49.675570700:client message: 0:client message: 3
2023-02-10T16:14:49.675570700:client message: 0:joined the chat
2023-02-10T16:14:49.675570700:client message: 0:client message: 3
2023-02-10T16:14:49.675570700:client message: 0:joined the chat
2023-02-10T16:14:49.675570700:client message: 0:client message: 3
2023-02-10T16:14:49.675570700:client message: 0:joined the chat
2023-02-10T16:14:49.675570700:client message: 0:client message: 3
2023-02-10T16:14:49.675570700:client message: 0:joined the chat
2023-02-10T16:14:49.676567900:client message: 0:client message: 3
2023-02-10T16:14:49.676567900:client message: 0:joined the chat
2023-02-10T16:14:49.676567900:client message: 0:joined the chat
2023-02-10T16:14:49.676567900:client message: 0:client message: 3
2023-02-10T16:14:49.676567900:client message: 0:joined the chat
2023-02-10T16:14:49.676567900:client message: 0:client message: 3
2023-02-10T16:14:49.676567900:client message: 0:joined the chat
2023-02-10T16:14:49.676567900:client message: 0:joined the chat
2023-02-10T16:14:49.676567900:client message: 0:client message: 1
2023-02-10T16:14:49.677564900:client message: 0:client message: 1
2023-02-10T16:14:49.677564900:client message: 0:client message: 1
2023-02-10T16:14:49.677564900:client message: 0:client message: 1
2023-02-10T16:14:49.677564900:client message: 0:client message: 1
2023-02-10T16:14:49.677564900:client message: 0:client message: 1
2023-02-10T16:14:49.677564900:client message: 0:client message: 1
2023-02-10T16:14:49.677564900:client message: 0:client message: 1
2023-02-10T16:14:49.677564900:client message: 0:client message: 1
2023-02-10T16:14:49.678562100:client message: 0:client message: 1
2023-02-10T16:14:49.678562100:client message: 0:client message: 2
2023-02-10T16:14:49.678562100:client message: 0:client message: 2
2023-02-10T16:14:49.678562100:client message: 0:client message: 2
2023-02-10T16:14:49.678562100:client message: 0:client message: 2
2023-02-10T16:14:49.678562100:client message: 0:client message: 2
2023-02-10T16:14:49.678562100:client message: 0:client message: 2
2023-02-10T16:14:49.679560400:client message: 0:client message: 2
2023-02-10T16:14:49.679560400:client message: 0:client message: 2
2023-02-10T16:14:49.679560400:client message: 0:client message: 2
2023-02-10T16:14:49.679560400:client message: 0:client message: 2
2023-02-10T16:14:49.679560400:client message: 0:client message: 3
2023-02-10T16:14:49.679560400:client message: 0:client message: 3
2023-02-10T16:14:49.680557100:client message: 0:client message: 3
2023-02-10T16:14:49.680557100:client message: 0:client message: 3
2023-02-10T16:14:49.680557100:client message: 0:client message: 3
2023-02-10T16:14:49.680557100:client message: 0:client message: 3
2023-02-10T16:14:49.680557100:client message: 0:client message: 3
2023-02-10T16:14:49.680557100:client message: 0:client message: 3
2023-02-10T16:14:49.680557100:client message: 0:client message: 3
2023-02-10T16:14:49.681554900:client message: 0:client message: 3
2023-02-10T16:15:38.162696500:client message: 0:joined the chat
2023-02-10T16:15:38.168680600:client message: 0:client message: 1
2023-02-10T16:15:38.168680600:client message: 0:client message: 2
2023-02-10T16:15:38.168680600:client message: 0:client message: 3
2023-02-10T16:15:38.168680600:client message: 0:client message: 4
2023-02-10T16:15:44.187335400:client message: 0:joined the chat
2023-02-10T16:15:44.187335400:client message: 0:joined the chat
2023-02-10T16:15:44.187335400:client message: 0:client message: 1
2023-02-10T16:15:44.188334400:client message: 0:client message: 1
2023-02-10T16:15:44.188334400:client message: 0:client message: 2
2023-02-10T16:15:44.188334400:client message: 0:client message: 2
2023-02-10T16:15:44.188334400:client message: 0:client message: 3
2023-02-10T16:15:44.188334400:client message: 0:client message: 3
2023-02-10T16:15:44.189332300:client message: 0:client message: 4
2023-02-10T16:15:44.189332300:client message: 0:client message: 4
2023-02-10T16:17:23.670823600:client message: 0:joined the chat
2023-02-10T16:17:29.756652:client message: 0:client message: 1
2023-02-10T16:17:34.091044500:client message: 0:client message: 2
2023-02-10T16:17:39.317241700:client message: 0:client message: 3
2023-02-10T16:17:39.318239900:client message: 0:client message: 4
2023-02-10T16:18:16.453522700:client message: 0:joined the chat
2023-02-10T16:18:16.458509400:client message: 0:client message: 1
2023-02-10T16:18:16.458509400:client message: 0:client message: 2
2023-02-10T16:18:16.459506800:client message: 0:client message: 3
2023-02-10T16:18:16.459506800:client message: 0:client message: 4
2023-02-10T16:18:22.481614700:client message: 0:joined the chat
2023-02-10T16:18:22.482617700:client message: 0:client message: 1
2023-02-10T16:18:22.483613200:client message: 0:client message: 2
2023-02-10T16:18:22.484607500:client message: 0:client message: 3
2023-02-10T16:18:22.485635200:client message: 0:client message: 4
2023-02-10T16:18:28.506758900:client message: 0:joined the chat
2023-02-10T16:18:28.506758900:client message: 0:client message: 1
2023-02-10T16:18:28.507759:client message: 0:client message: 2
2023-02-10T16:18:28.507759:client message: 0:client message: 3
2023-02-10T16:18:28.508755900:client message: 0:client message: 4
2023-02-10T16:18:34.526338900:client message: 0:joined the chat
2023-02-10T16:18:34.527335700:client message: 0:client message: 1
2023-02-10T16:18:34.528337500:client message: 0:client message: 2
2023-02-10T16:18:34.529334100:client message: 0:client message: 3
2023-02-10T16:18:34.530332500:client message: 0:client message: 4
2023-02-10T16:19:39.693055300:client 1 connected :joined the chat
2023-02-10T16:19:39.697044300:client 1 connected :client message: 0
2023-02-10T16:19:39.698041900:client 1 connected :client message: 1
2023-02-10T16:19:39.698041900:client 1 connected :client message: 2
2023-02-10T16:19:39.698041900:client 1 connected :client message: 3
2023-02-10T16:19:39.698041900:client 1 connected :client message: 4
2023-02-10T16:19:45.719062400:client 2 connected :joined the chat
2023-02-10T16:19:45.720021:client 2 connected :client message: 0
2023-02-10T16:19:45.721018800:client 2 connected :client message: 1
2023-02-10T16:19:45.722015300:client 2 connected :client message: 2
2023-02-10T16:19:45.723044200:client 2 connected :client message: 3
2023-02-10T16:19:51.738378700:client 3 connected :joined the chat
2023-02-10T16:19:51.739329300:client 3 connected :client message: 0
2023-02-10T16:19:51.740326600:client 3 connected :client message: 1
2023-02-10T16:19:51.741323900:client 3 connected :client message: 2
2023-02-10T16:19:51.742325300:client 3 connected :client message: 3
2023-02-10T16:22:18.726942200:client 1 connected :joined the chat
2023-02-10T16:22:18.731928800:client 1 connected :client message: 0
2023-02-10T16:22:18.731928800:client 1 connected :client message: 1
2023-02-10T16:22:18.731928800:client 1 connected :client message: 2
2023-02-10T16:22:18.731928800:client 1 connected :client message: 3
2023-02-10T16:22:18.732926700:client 1 connected :client message: 4
2023-02-10T16:26:21.814248100:client 1 connected :joined the chat
2023-02-10T16:26:21.818237200:client 1 connected :client message: 0
2023-02-10T16:26:21.819235:client 1 connected :client message: 1
2023-02-10T16:26:21.819235:client 1 connected :client message: 2
2023-02-10T16:26:21.819235:client 1 connected :client message: 3
2023-02-10T16:26:21.819235:client 1 connected :client message: 4
2023-02-10T16:26:22.798370800:client 2 connected :joined the chat
2023-02-10T16:26:22.798370800:client 2 connected :client message: 0
2023-02-10T16:26:22.799368200:client 2 connected :client message: 1
2023-02-10T16:26:22.799368200:client 2 connected :client message: 2
2023-02-10T16:26:22.800366900:client 2 connected :client message: 3
2023-02-10T16:26:23.806044700:client 3 connected :joined the chat
2023-02-10T16:26:23.807046100:client 3 connected :client message: 0
2023-02-10T16:26:23.808071500:client 3 connected :client message: 1
2023-02-10T16:26:23.809040600:client 3 connected :client message: 2
2023-02-10T16:26:23.810065500:client 3 connected :client message: 3
2023-02-10T16:26:24.811170300:client 4 connected :joined the chat
2023-02-10T16:26:24.812140400:client 4 connected :client message: 0
2023-02-10T16:26:24.813134600:client 4 connected :client message: 1
2023-02-10T16:26:24.814131600:client 4 connected :client message: 2
2023-02-10T16:26:24.815129100:client 4 connected :client message: 3
2023-02-10T16:26:25.823135600:client 5 connected :joined the chat
2023-02-10T16:26:25.824132800:client 5 connected :client message: 0
2023-02-10T16:26:25.825123500:client 5 connected :client message: 1
2023-02-10T16:26:25.826090700:client 5 connected :client message: 2
2023-02-10T16:26:25.827087400:client 5 connected :client message: 3
2023-02-10T16:26:26.834011800:client 6 connected :joined the chat
2023-02-10T16:26:26.835969500:client 6 connected :client message: 0
2023-02-10T16:26:26.836965800:client 6 connected :client message: 1
2023-02-10T16:26:26.838000500:client 6 connected :client message: 2
2023-02-10T16:26:26.838998500:client 6 connected :client message: 3
2023-02-10T16:26:27.846735800:client 7 connected :joined the chat
2023-02-10T16:26:27.847732900:client 7 connected :client message: 0
2023-02-10T16:26:27.848733300:client 7 connected :client message: 1
2023-02-10T16:26:27.848733300:client 7 connected :client message: 2
2023-02-10T16:26:27.849913400:client 7 connected :client message: 3
2023-02-10T16:26:28.858104:client 8 connected :joined the chat
2023-02-10T16:26:28.860098600:client 8 connected :client message: 0
2023-02-10T16:26:28.861136100:client 8 connected :client message: 1
2023-02-10T16:26:28.862093:client 8 connected :client message: 2
2023-02-10T16:26:28.863090500:client 8 connected :client message: 3
2023-02-10T16:26:29.870192300:client 9 connected :joined the chat
2023-02-10T16:26:29.871192100:client 9 connected :client message: 0
2023-02-10T16:26:29.871192100:client 9 connected :client message: 1
2023-02-10T16:26:29.871192100:client 9 connected :client message: 2
2023-02-10T16:26:29.872191200:client 9 connected :client message: 3
2023-02-10T16:26:30.879098100:client 10 connected :joined the chat
2023-02-10T16:26:30.880094800:client 10 connected :client message: 0
2023-02-10T16:26:30.880094800:client 10 connected :client message: 1
2023-02-10T16:26:30.881092500:client 10 connected :client message: 2
2023-02-10T16:26:30.882171100:client 10 connected :client message: 3
2023-02-10T16:27:19.566992900:client 1 connected :joined the chat
2023-02-10T16:27:19.566992900:client 4 connected :joined the chat
2023-02-10T16:27:19.566992900:client 3 connected :joined the chat
2023-02-10T16:27:19.566992900:client 2 connected :joined the chat
2023-02-10T16:27:19.571980200:client 1 connected :joined the chat
2023-02-10T16:27:19.571980200:client 4 connected :joined the chat
2023-02-10T16:27:19.571980200:client 3 connected :joined the chat
2023-02-10T16:27:19.571980200:client 2 connected :joined the chat
2023-02-10T16:27:19.571980200:client 1 connected :joined the chat
2023-02-10T16:27:19.571980200:client 3 connected :joined the chat
2023-02-10T16:27:19.571980200:client 4 connected :joined the chat
2023-02-10T16:27:19.571980200:client 2 connected :joined the chat
2023-02-10T16:27:19.571980200:client 3 connected :joined the chat
2023-02-10T16:27:19.571980200:client 1 connected :joined the chat
2023-02-10T16:27:19.572993800:client 4 connected :joined the chat
2023-02-10T16:27:19.572993800:client 2 connected :joined the chat
2023-02-10T16:27:19.572993800:client 3 connected :client message: 0
2023-02-10T16:27:19.572993800:client 4 connected :client message: 0
2023-02-10T16:27:19.572993800:client 3 connected :client message: 0
2023-02-10T16:27:19.572993800:client 2 connected :client message: 0
2023-02-10T16:27:19.572993800:client 3 connected :client message: 0
2023-02-10T16:27:19.572993800:client 2 connected :client message: 0
2023-02-10T16:27:19.572993800:client 3 connected :client message: 0
2023-02-10T16:27:19.573974400:client 2 connected :client message: 0
2023-02-10T16:27:19.572993800:client 4 connected :client message: 0
2023-02-10T16:27:19.573974400:client 4 connected :client message: 0
2023-02-10T16:27:19.573974400:client 2 connected :client message: 0
2023-02-10T16:27:19.573974400:client 4 connected :client message: 0
2023-02-10T16:27:19.900141400:client 2 connected :client message: 1
2023-02-10T16:27:19.902134200:client 2 connected :client message: 1
2023-02-10T16:27:19.903130600:client 2 connected :client message: 1
2023-02-10T16:27:19.904128200:client 2 connected :client message: 1
2023-02-10T16:27:20.036470600:client 4 connected :client message: 1
2023-02-10T16:27:20.036470600:client 3 connected :client message: 1
2023-02-10T16:27:20.036470600:client 2 connected :client message: 2
2023-02-10T16:27:20.036470600:client 4 connected :client message: 1
2023-02-10T16:27:20.036470600:client 2 connected :client message: 2
2023-02-10T16:27:20.036470600:client 3 connected :client message: 1
2023-02-10T16:27:20.036470600:client 3 connected :client message: 1
2023-02-10T16:27:20.036470600:client 2 connected :client message: 2
2023-02-10T16:27:20.036470600:client 4 connected :client message: 1
2023-02-10T16:27:20.036470600:client 3 connected :client message: 1
2023-02-10T16:27:20.036470600:client 2 connected :client message: 2
2023-02-10T16:27:20.036470600:client 4 connected :client message: 1
2023-02-10T16:27:20.037468100:client 3 connected :client message: 2
2023-02-10T16:27:20.037468100:client 3 connected :client message: 2
2023-02-10T16:27:20.037468100:client 2 connected :client message: 3
2023-02-10T16:27:20.037468100:client 4 connected :client message: 2
2023-02-10T16:27:20.037468100:client 3 connected :client message: 2
2023-02-10T16:27:20.037468100:client 2 connected :client message: 3
2023-02-10T16:27:20.037468100:client 4 connected :client message: 2
2023-02-10T16:27:20.037468100:client 2 connected :client message: 3
2023-02-10T16:27:20.038464900:client 4 connected :client message: 2
2023-02-10T16:27:20.038464900:client 2 connected :client message: 3
2023-02-10T16:27:20.038464900:client 1 connected :client message: 0
2023-02-10T16:27:20.038464900:client 2 connected :client message: 4
2023-02-10T16:27:20.038464900:client 4 connected :client message: 2
2023-02-10T16:27:20.038464900:client 1 connected :client message: 0
2023-02-10T16:27:20.038464900:client 2 connected :client message: 4
2023-02-10T16:27:20.038464900:client 1 connected :client message: 0
2023-02-10T16:27:20.038464900:client 4 connected :client message: 3
2023-02-10T16:27:20.038464900:client 2 connected :client message: 4
2023-02-10T16:27:20.039462300:client 1 connected :client message: 0
2023-02-10T16:27:20.039462300:client 2 connected :client message: 4
2023-02-10T16:27:20.039462300:client 4 connected :client message: 3
2023-02-10T16:27:20.039462300:client 3 connected :client message: 2
2023-02-10T16:27:20.039462300:client 4 connected :client message: 3
2023-02-10T16:27:20.039462300:client 4 connected :client message: 3
2023-02-10T16:27:20.039462300:client 3 connected :client message: 3
2023-02-10T16:27:20.039462300:client 4 connected :client message: 4
2023-02-10T16:27:20.039462300:client 4 connected :client message: 4
2023-02-10T16:27:20.039462300:client 3 connected :client message: 3
2023-02-10T16:27:20.040459600:client 4 connected :client message: 4
2023-02-10T16:27:20.040459600:client 3 connected :client message: 3
2023-02-10T16:27:20.040459600:client 4 connected :client message: 4
2023-02-10T16:27:20.040459600:client 3 connected :client message: 3
2023-02-10T16:27:20.040459600:client 3 connected :client message: 4
2023-02-10T16:27:20.041457500:client 3 connected :client message: 4
2023-02-10T16:27:20.041457500:client 3 connected :client message: 4
2023-02-10T16:27:20.041457500:client 3 connected :client message: 4
2023-02-10T16:27:20.375685100:client 5 connected :joined the chat
2023-02-10T16:27:20.375685100:client 5 connected :joined the chat
2023-02-10T16:27:20.376682100:client 5 connected :client message: 0
2023-02-10T16:27:20.376682100:client 5 connected :client message: 0
2023-02-10T16:27:20.542771600:client 5 connected :client message: 1
2023-02-10T16:27:20.542771600:client 5 connected :client message: 1
2023-02-10T16:27:22.017175700:client 5 connected :client message: 2
2023-02-10T16:27:22.018173100:client 5 connected :client message: 2
2023-02-10T16:27:22.018173100:client 5 connected :client message: 2
2023-02-10T16:27:22.018173100:client 6 connected :joined the chat
2023-02-10T16:27:22.018173100:client 5 connected :client message: 3
2023-02-10T16:27:22.018173100:client 6 connected :joined the chat
2023-02-10T16:27:22.019169400:client 5 connected :client message: 3
2023-02-10T16:27:22.019169400:client 6 connected :joined the chat
2023-02-10T16:27:22.019169400:client 5 connected :client message: 3
2023-02-10T16:27:22.019169400:client 6 connected :client message: 0
2023-02-10T16:27:22.019169400:client 6 connected :client message: 0
2023-02-10T16:27:22.019169400:client 6 connected :client message: 0
2023-02-10T16:27:22.019169400:client 6 connected :client message: 0
2023-02-10T16:27:22.413017900:client 6 connected :client message: 1
2023-02-10T16:27:22.413017900:client 5 connected :client message: 4
2023-02-10T16:27:22.413017900:client 6 connected :client message: 1
2023-02-10T16:27:22.413017900:client 5 connected :client message: 4
2023-02-10T16:27:22.414004:client 6 connected :client message: 1
2023-02-10T16:27:22.414004:client 5 connected :client message: 4
2023-02-10T16:27:22.414004:client 6 connected :client message: 1
2023-02-10T16:27:22.414004:client 5 connected :client message: 4
2023-02-10T16:27:22.670988400:client 7 connected :joined the chat
2023-02-10T16:27:22.671981100:client 6 connected :client message: 2
2023-02-10T16:27:22.672978400:client 7 connected :joined the chat
2023-02-10T16:27:22.672978400:client 6 connected :client message: 2
2023-02-10T16:27:22.673976:client 1 connected :client message: 1
2023-02-10T16:27:22.673976:client 6 connected :client message: 2
2023-02-10T16:27:22.672978400:client 7 connected :joined the chat
2023-02-10T16:27:22.674970800:client 6 connected :client message: 3
2023-02-10T16:27:22.674970800:client 1 connected :client message: 1
2023-02-10T16:27:22.674970800:client 6 connected :client message: 3
2023-02-10T16:27:22.674970800:client 1 connected :client message: 1
2023-02-10T16:27:22.674970800:client 6 connected :client message: 3
2023-02-10T16:27:23.005298:client 6 connected :client message: 4
2023-02-10T16:27:23.007292:client 6 connected :client message: 4
2023-02-10T16:27:23.716552900:client 8 connected :joined the chat
2023-02-10T16:27:23.716552900:client 8 connected :joined the chat
2023-02-10T16:27:23.716552900:client 8 connected :client message: 0
2023-02-10T16:27:23.717550200:client 8 connected :client message: 0
2023-02-10T16:27:23.906236100:client 8 connected :client message: 1
2023-02-10T16:27:23.907233800:client 1 connected :client message: 2
2023-02-10T16:27:23.907233800:client 8 connected :client message: 1
2023-02-10T16:27:23.908231500:client 1 connected :client message: 2
2023-02-10T16:27:23.909227700:client 8 connected :client message: 2
2023-02-10T16:27:23.909227700:client 8 connected :client message: 2
2023-02-10T16:27:24.251995800:client 8 connected :client message: 3
2023-02-10T16:27:24.252997500:client 8 connected :client message: 3
2023-02-10T16:27:24.423250500:client 9 connected :joined the chat
2023-02-10T16:27:24.423250500:client 9 connected :joined the chat
2023-02-10T16:27:24.423250500:client 9 connected :client message: 0
2023-02-10T16:27:24.423250500:client 9 connected :client message: 0
2023-02-10T16:27:24.792052800:client 9 connected :client message: 1
2023-02-10T16:27:24.793051300:client 9 connected :client message: 1
2023-02-10T16:27:25.174925300:client 9 connected :client message: 2
2023-02-10T16:27:25.174925300:client 9 connected :client message: 2
2023-02-10T16:27:25.175922300:client 9 connected :client message: 3
2023-02-10T16:27:25.175922300:client 1 connected :client message: 3
2023-02-10T16:27:25.175922300:client 9 connected :client message: 3
2023-02-10T16:27:25.175922300:client 1 connected :client message: 3
2023-02-10T16:27:25.980654700:client 10 connected :joined the chat
2023-02-10T16:27:25.980654700:client 10 connected :joined the chat
2023-02-10T16:27:25.981651700:client 10 connected :client message: 0
2023-02-10T16:27:25.981651700:client 10 connected :client message: 0
2023-02-10T16:27:26.171416400:client 10 connected :client message: 1
2023-02-10T16:27:26.172515700:client 10 connected :client message: 1
2023-02-10T16:27:26.724469300:client 10 connected :client message: 2
2023-02-10T16:27:26.724469300:client 10 connected :client message: 2
2023-02-10T16:27:26.961046600:client 10 connected :client message: 3
2023-02-10T16:27:26.961046600:client 1 connected :client message: 4
2023-02-10T16:27:26.962028100:client 10 connected :client message: 3
2023-02-10T16:27:26.962028100:client 1 connected :client message: 4
2023-02-10T16:27:26.962028100:client 10 connected :client message: 4
2023-02-10T16:27:26.963027500:client 10 connected :client message: 4
2023-02-10T16:28:36.893352700:client 3 connected :joined the chat
2023-02-10T16:28:36.893352700:client 4 connected :joined the chat
2023-02-10T16:28:36.893352700:client 2 connected :joined the chat
2023-02-10T16:28:36.899336700:client 3 connected :joined the chat
2023-02-10T16:28:36.900334100:client 3 connected :joined the chat
2023-02-10T16:28:36.900334100:client 2 connected :joined the chat
2023-02-10T16:28:36.899336700:client 4 connected :joined the chat
2023-02-10T16:28:36.900334100:client 3 connected :client message: 0
2023-02-10T16:28:36.900334100:client 2 connected :joined the chat
2023-02-10T16:28:36.900334100:client 3 connected :client message: 0
2023-02-10T16:28:36.900334100:client 4 connected :joined the chat
2023-02-10T16:28:36.900334100:client 3 connected :client message: 0
2023-02-10T16:28:36.900334100:client 4 connected :joined the chat
2023-02-10T16:28:36.901335300:client 2 connected :client message: 0
2023-02-10T16:28:36.901335300:client 3 connected :client message: 0
2023-02-10T16:28:36.901335300:client 2 connected :client message: 0
2023-02-10T16:28:36.894349900:client 1 connected :joined the chat
2023-02-10T16:28:36.901335300:client 4 connected :client message: 0
2023-02-10T16:28:36.901335300:client 2 connected :client message: 0
2023-02-10T16:28:36.901335300:client 3 connected :client message: 1
2023-02-10T16:28:36.901335300:client 4 connected :client message: 0
2023-02-10T16:28:37.235081700:client 2 connected :client message: 0
2023-02-10T16:28:37.531358:client 3 connected :client message: 1
2023-02-10T16:28:37.533366:client 4 connected :client message: 0
2023-02-10T16:28:37.778254500:client 3 connected :client message: 1
2023-02-10T16:28:37.965500700:client 4 connected :client message: 0
2023-02-10T16:28:37.966498500:client 3 connected :client message: 1
2023-02-10T16:28:38.364224:client 1 connected :joined the chat
2023-02-10T16:29:03.996881:client 5 connected :joined the chat
2023-02-10T16:29:03.997881200:client 7 connected :joined the chat
2023-02-10T16:29:03.996881:client 1 connected :joined the chat
2023-02-10T16:29:03.997881200:client 5 connected :joined the chat
2023-02-10T16:29:03.997881200:client 6 connected :joined the chat
2023-02-10T16:29:03.997881200:client 5 connected :joined the chat
2023-02-10T16:29:03.998877400:client 7 connected :joined the chat
2023-02-10T16:29:03.998877400:client 6 connected :joined the chat
2023-02-10T16:29:03.998877400:client 7 connected :joined the chat
2023-02-10T16:29:03.998877400:client 5 connected :client message: 0
2023-02-10T16:29:03.998877400:client 6 connected :joined the chat
2023-02-10T16:29:03.998877400:client 7 connected :joined the chat
2023-02-10T16:29:03.998877400:client 8 connected :joined the chat
2023-02-10T16:29:03.998877400:client 6 connected :joined the chat
2023-02-10T16:29:03.998877400:client 5 connected :client message: 0
2023-02-10T16:29:03.998877400:client 7 connected :client message: 0
2023-02-10T16:29:03.998877400:client 8 connected :joined the chat
2023-02-10T16:29:03.999874800:client 7 connected :client message: 0
2023-02-10T16:29:03.999874800:client 6 connected :client message: 0
2023-02-10T16:29:03.999874800:client 8 connected :joined the chat
2023-02-10T16:29:03.999874800:client 5 connected :client message: 0
2023-02-10T16:29:03.999874800:client 7 connected :client message: 0
2023-02-10T16:29:03.999874800:client 8 connected :joined the chat
2023-02-10T16:29:03.999874800:client 6 connected :client message: 0
2023-02-10T16:29:03.999874800:client 7 connected :client message: 0
2023-02-10T16:29:03.999874800:client 5 connected :client message: 0
2023-02-10T16:29:03.999874800:client 8 connected :client message: 0
2023-02-10T16:29:03.999874800:client 8 connected :client message: 0
2023-02-10T16:29:03.999874800:client 6 connected :client message: 0
2023-02-10T16:29:04.000872:client 7 connected :client message: 1
2023-02-10T16:29:04.000872:client 5 connected :client message: 1
2023-02-10T16:29:04.000872:client 8 connected :client message: 0
2023-02-10T16:29:04.000872:client 7 connected :client message: 1
2023-02-10T16:29:04.000872:client 6 connected :client message: 0
2023-02-10T16:29:04.000872:client 5 connected :client message: 1
2023-02-10T16:29:04.000872:client 8 connected :client message: 0
2023-02-10T16:29:04.000872:client 7 connected :client message: 1
2023-02-10T16:29:04.000872:client 5 connected :client message: 1
2023-02-10T16:29:04.000872:client 7 connected :client message: 1
2023-02-10T16:29:04.000872:client 5 connected :client message: 1
2023-02-10T16:30:30.406525300:client 1 connected :joined the chat
2023-02-10T16:30:30.411494400:client 1 connected :client message: 0
2023-02-10T16:30:30.411494400:client 1 connected :client message: 1
2023-02-10T16:30:30.412492200:client 1 connected :client message: 2
2023-02-10T16:30:30.412492200:client 1 connected :client message: 3
2023-02-10T16:30:30.412492200:client 1 connected :client message: 4
2023-02-10T16:30:31.392208:client 2 connected :joined the chat
2023-02-10T16:30:31.393205:client 2 connected :client message: 0
2023-02-10T16:30:31.393205:client 2 connected :client message: 1
2023-02-10T16:30:31.394202400:client 2 connected :client message: 2
2023-02-10T16:30:31.394202400:client 2 connected :client message: 3
2023-02-10T16:30:32.404788800:client 3 connected :joined the chat
2023-02-10T16:30:32.405757500:client 3 connected :client message: 0
2023-02-10T16:30:32.406751200:client 3 connected :client message: 1
2023-02-10T16:30:32.407750:client 3 connected :client message: 2
2023-02-10T16:30:32.407750:client 3 connected :client message: 3
2023-02-10T16:30:33.409621400:client 4 connected :joined the chat
2023-02-10T16:30:33.410649300:client 4 connected :client message: 0
2023-02-10T16:30:33.411652900:client 4 connected :client message: 1
2023-02-10T16:30:33.412612200:client 4 connected :client message: 2
2023-02-10T16:30:33.412612200:client 4 connected :client message: 3
2023-02-10T16:30:34.409862200:client 5 connected :joined the chat
2023-02-10T16:30:34.410830800:client 5 connected :client message: 0
2023-02-10T16:30:34.411822400:client 5 connected :client message: 1
2023-02-10T16:30:34.412830400:client 5 connected :client message: 2
2023-02-10T16:30:34.413878400:client 5 connected :client message: 3
2023-02-10T16:30:35.410715500:client 6 connected :joined the chat
2023-02-10T16:30:35.411708400:client 6 connected :client message: 0
2023-02-10T16:30:35.412706300:client 6 connected :client message: 1
2023-02-10T16:30:35.413720700:client 6 connected :client message: 2
2023-02-10T16:30:35.414699700:client 6 connected :client message: 3
2023-02-10T16:31:26.572291200:client 1 connected :joined the chat
2023-02-10T16:31:26.577276200:client 1 connected :client message: 0
2023-02-10T16:31:26.577276200:client 1 connected :client message: 1
2023-02-10T16:31:26.578273900:client 1 connected :client message: 2
2023-02-10T16:31:26.578273900:client 1 connected :client message: 3
2023-02-10T16:31:26.578273900:client 1 connected :client message: 4
2023-02-10T16:31:27.544594900:client 2 connected :joined the chat
2023-02-10T16:31:27.544594900:client 2 connected :client message: 0
2023-02-10T16:31:27.545592400:client 2 connected :client message: 1
2023-02-10T16:31:27.545592400:client 2 connected :client message: 2
2023-02-10T16:31:27.545592400:client 2 connected :client message: 3
2023-02-10T16:31:28.560068100:client 3 connected :joined the chat
2023-02-10T16:31:28.561066600:client 3 connected :client message: 0
2023-02-10T16:31:28.563060900:client 3 connected :client message: 1
2023-02-10T16:31:28.563060900:client 3 connected :client message: 2
2023-02-10T16:31:28.563060900:client 3 connected :client message: 3
2023-02-10T16:31:29.558748700:client 4 connected :joined the chat
2023-02-10T16:31:29.560738:client 4 connected :client message: 0
2023-02-10T16:31:29.561736100:client 4 connected :client message: 1
2023-02-10T16:31:29.561736100:client 4 connected :client message: 2
2023-02-10T16:31:29.562757900:client 4 connected :client message: 3
2023-02-10T16:31:30.572398600:client 5 connected :joined the chat
2023-02-10T16:31:30.572398600:client 5 connected :client message: 0
2023-02-10T16:31:30.572398600:client 5 connected :client message: 1
2023-02-10T16:31:30.572398600:client 5 connected :client message: 2
2023-02-10T16:31:30.573372100:client 5 connected :client message: 3
2023-02-10T16:31:31.575405200:client 6 connected :joined the chat
2023-02-10T16:31:31.575405200:client 6 connected :client message: 0
2023-02-10T16:31:31.575405200:client 6 connected :client message: 1
2023-02-10T16:31:31.575405200:client 6 connected :client message: 2
2023-02-10T16:31:31.576402:client 6 connected :client message: 3
2023-02-10T16:31:32.578446900:client 7 connected :joined the chat
2023-02-10T16:31:32.580443200:client 7 connected :client message: 0
2023-02-10T16:31:32.581439100:client 7 connected :client message: 1
2023-02-10T16:31:32.581439100:client 7 connected :client message: 2
2023-02-10T16:31:32.582433:client 7 connected :client message: 3
2023-02-10T16:31:33.580034900:client 8 connected :joined the chat
2023-02-10T16:31:33.581031:client 8 connected :client message: 0
2023-02-10T16:31:33.583030100:client 8 connected :client message: 1
2023-02-10T16:31:33.584027300:client 8 connected :client message: 2
2023-02-10T16:31:33.585024600:client 8 connected :client message: 3
2023-02-10T16:31:34.581447600:client 9 connected :joined the chat
2023-02-10T16:31:34.582444300:client 9 connected :client message: 0
2023-02-10T16:31:34.583441900:client 9 connected :client message: 1
2023-02-10T16:31:34.584442900:client 9 connected :client message: 2
2023-02-10T16:31:34.585474600:client 9 connected :client message: 3
2023-02-10T16:31:35.593812400:client 10 connected :joined the chat
2023-02-10T16:31:35.593812400:client 10 connected :client message: 0
2023-02-10T16:31:35.593812400:client 10 connected :client message: 1
2023-02-10T16:31:35.594810200:client 10 connected :client message: 2
2023-02-10T16:31:35.594810200:client 10 connected :client message: 3
2023-02-10T16:32:01.989199400:client 1 connected :joined the chat
2023-02-10T16:32:01.995182600:client 1 connected :client message: 0
2023-02-10T16:32:01.996180700:client 1 connected :client message: 1
2023-02-10T16:32:01.996180700:client 1 connected :client message: 2
2023-02-10T16:32:01.996180700:client 1 connected :client message: 3
2023-02-10T16:32:01.996180700:client 1 connected :client message: 4
2023-02-10T16:32:02.969368800:client 2 connected :joined the chat
2023-02-10T16:32:02.969368800:client 2 connected :client message: 0
2023-02-10T16:32:02.970365500:client 2 connected :client message: 1
2023-02-10T16:32:02.970365500:client 2 connected :client message: 2
2023-02-10T16:32:02.970365500:client 2 connected :client message: 3
2023-02-10T16:32:03.981881500:client 3 connected :joined the chat
2023-02-10T16:32:03.981881500:client 3 connected :client message: 0
2023-02-10T16:32:03.981881500:client 3 connected :client message: 1
2023-02-10T16:32:03.981881500:client 3 connected :client message: 2
2023-02-10T16:32:03.982878500:client 3 connected :client message: 3
2023-02-10T16:32:04.995711700:client 4 connected :joined the chat
2023-02-10T16:32:04.995711700:client 4 connected :client message: 0
2023-02-10T16:32:04.995711700:client 4 connected :client message: 1
2023-02-10T16:32:04.996711300:client 4 connected :client message: 2
2023-02-10T16:32:04.996711300:client 4 connected :client message: 3
2023-02-10T16:32:43.585948100:client 1 connected :joined the chat
2023-02-10T16:32:43.591932200:client 1 connected :client message: 0
2023-02-10T16:32:43.591932200:client 1 connected :client message: 1
2023-02-10T16:32:43.591932200:client 1 connected :client message: 2
2023-02-10T16:32:43.592929500:client 1 connected :client message: 3
2023-02-10T16:32:43.593927700:client 1 connected :client message: 4
2023-02-10T16:32:44.561927800:client 2 connected :joined the chat
2023-02-10T16:32:44.561927800:client 2 connected :client message: 0
2023-02-10T16:32:44.562925300:client 2 connected :client message: 1
2023-02-10T16:32:44.562925300:client 2 connected :client message: 2
2023-02-10T16:32:44.562925300:client 2 connected :client message: 3
2023-02-10T16:32:45.576375800:client 3 connected :joined the chat
2023-02-10T16:32:45.576375800:client 3 connected :client message: 0
2023-02-10T16:32:45.576375800:client 3 connected :client message: 1
2023-02-10T16:32:45.576375800:client 3 connected :client message: 2
2023-02-10T16:32:45.577373400:client 3 connected :client message: 3
2023-02-10T16:32:46.580485300:client 4 connected :joined the chat
2023-02-10T16:32:46.582480200:client 4 connected :client message: 0
2023-02-10T16:32:46.583476900:client 4 connected :client message: 1
2023-02-10T16:32:46.585470900:client 4 connected :client message: 2
2023-02-10T16:32:46.586471800:client 4 connected :client message: 3
2023-02-10T16:32:47.592365900:client 5 connected :joined the chat
2023-02-10T16:32:47.593316800:client 5 connected :client message: 0
2023-02-10T16:32:47.595311800:client 5 connected :client message: 1
2023-02-10T16:32:47.596308500:client 5 connected :client message: 2
2023-02-10T16:32:47.597310900:client 5 connected :client message: 3
2023-02-10T16:32:48.601722400:client 6 connected :joined the chat
2023-02-10T16:32:48.602718500:client 6 connected :client message: 0
2023-02-10T16:32:48.603749200:client 6 connected :client message: 1
2023-02-10T16:32:48.604712900:client 6 connected :client message: 2
2023-02-10T16:32:48.605741300:client 6 connected :client message: 3
2023-02-10T16:32:49.604773200:client 7 connected :joined the chat
2023-02-10T16:32:49.604773200:client 7 connected :client message: 0
2023-02-10T16:32:49.605771600:client 7 connected :client message: 1
2023-02-10T16:32:49.605771600:client 7 connected :client message: 2
2023-02-10T16:32:49.606758900:client 7 connected :client message: 3
2023-02-10T16:32:50.606729500:client 8 connected :joined the chat
2023-02-10T16:32:50.606729500:client 8 connected :client message: 0
2023-02-10T16:32:50.606729500:client 8 connected :client message: 1
2023-02-10T16:32:50.606729500:client 8 connected :client message: 2
2023-02-10T16:32:50.606729500:client 8 connected :client message: 3
2023-02-10T16:33:04.452235200:client 1 connected :joined the chat
2023-02-10T16:33:04.458219300:client 1 connected :client message: 0
2023-02-10T16:33:04.458219300:client 1 connected :client message: 1
2023-02-10T16:33:04.458219300:client 1 connected :client message: 2
2023-02-10T16:33:04.458219300:client 1 connected :client message: 3
2023-02-10T16:33:04.459216500:client 1 connected :client message: 4
2023-02-10T16:33:05.421587300:client 2 connected :joined the chat
2023-02-10T16:33:05.421587300:client 2 connected :client message: 0
2023-02-10T16:33:05.421587300:client 2 connected :client message: 1
2023-02-10T16:33:05.422586100:client 2 connected :client message: 2
2023-02-10T16:33:05.422586100:client 2 connected :client message: 3
2023-02-10T16:33:06.432462200:client 3 connected :joined the chat
2023-02-10T16:33:06.432462200:client 3 connected :client message: 0
2023-02-10T16:33:06.432462200:client 3 connected :client message: 1
2023-02-10T16:33:06.432462200:client 3 connected :client message: 2
2023-02-10T16:33:06.433458400:client 3 connected :client message: 3
2023-02-10T16:33:07.434408200:client 4 connected :joined the chat
2023-02-10T16:33:07.434408200:client 4 connected :client message: 0
2023-02-10T16:33:07.434408200:client 4 connected :client message: 1
2023-02-10T16:33:07.434408200:client 4 connected :client message: 2
2023-02-10T16:33:07.435407500:client 4 connected :client message: 3
2023-02-10T16:33:08.439436:client 5 connected :joined the chat
2023-02-10T16:33:08.440405:client 5 connected :client message: 0
2023-02-10T16:33:08.440405:client 5 connected :client message: 1
2023-02-10T16:33:08.441435500:client 5 connected :client message: 2
2023-02-10T16:33:08.442398700:client 5 connected :client message: 3
2023-02-10T16:33:09.452339800:client 6 connected :joined the chat
2023-02-10T16:33:09.453333100:client 6 connected :client message: 0
2023-02-10T16:33:09.454332400:client 6 connected :client message: 1
2023-02-10T16:33:09.455332100:client 6 connected :client message: 2
2023-02-10T16:33:09.455332100:client 6 connected :client message: 3
2023-02-10T16:33:10.452789900:client 7 connected :joined the chat
2023-02-10T16:33:10.453786500:client 7 connected :client message: 0
2023-02-10T16:33:10.454783300:client 7 connected :client message: 1
2023-02-10T16:33:10.455818600:client 7 connected :client message: 2
2023-02-10T16:33:10.456777800:client 7 connected :client message: 3
2023-02-10T16:33:11.462054700:client 8 connected :joined the chat
2023-02-10T16:33:11.463048500:client 8 connected :client message: 0
2023-02-10T16:33:11.463048500:client 8 connected :client message: 1
2023-02-10T16:33:11.463048500:client 8 connected :client message: 2
2023-02-10T16:33:11.463048500:client 8 connected :client message: 3
2023-02-10T16:33:12.477884100:client 9 connected :joined the chat
2023-02-10T16:33:12.477884100:client 9 connected :client message: 0
2023-02-10T16:33:12.477884100:client 9 connected :client message: 1
2023-02-10T16:33:12.478882300:client 9 connected :client message: 2
2023-02-10T16:33:12.478882300:client 9 connected :client message: 3
2023-02-10T16:33:31.577139900:client 1 connected :joined the chat
2023-02-10T16:33:31.577139900:client 2 connected :joined the chat
2023-02-10T16:33:31.582127400:client 1 connected :joined the chat
2023-02-10T16:33:31.582127400:client 2 connected :joined the chat
2023-02-10T16:33:31.583124700:client 2 connected :client message: 0
2023-02-10T16:33:31.583124700:client 1 connected :client message: 0
2023-02-10T16:33:31.583124700:client 2 connected :client message: 0
2023-02-10T16:33:31.583124700:client 1 connected :client message: 0
2023-02-10T16:33:31.583124700:client 1 connected :client message: 1
2023-02-10T16:33:31.583124700:client 2 connected :client message: 1
2023-02-10T16:33:31.583124700:client 1 connected :client message: 1
2023-02-10T16:33:31.584121800:client 1 connected :client message: 2
2023-02-10T16:33:31.583124700:client 2 connected :client message: 1
2023-02-10T16:33:58.300447800:client 1 connected :client message: 2
2023-02-10T16:33:58.300447800:client 2 connected :client message: 2
2023-02-10T16:33:58.300447800:client 3 connected :joined the chat
2023-02-10T16:33:58.300447800:client 2 connected :client message: 2
2023-02-10T16:33:58.301445800:client 3 connected :joined the chat
2023-02-10T16:33:58.301445800:client 4 connected :joined the chat
2023-02-10T16:33:58.301445800:client 3 connected :joined the chat
2023-02-10T16:33:58.301445800:client 4 connected :joined the chat
2023-02-10T16:33:58.301445800:client 4 connected :joined the chat
2023-02-10T16:33:58.303440300:client 3 connected :joined the chat
2023-02-10T16:33:58.304437600:client 5 connected :joined the chat
2023-02-10T16:33:58.303440300:client 4 connected :joined the chat
2023-02-10T16:33:58.304437600:client 3 connected :client message: 0
2023-02-10T16:33:58.304437600:client 6 connected :joined the chat
2023-02-10T16:33:58.304437600:client 6 connected :joined the chat
2023-02-10T16:33:58.304437600:client 5 connected :joined the chat
2023-02-10T16:33:58.305435500:client 6 connected :joined the chat
2023-02-10T16:33:58.305435500:client 5 connected :joined the chat
2023-02-10T16:33:58.305435500:client 5 connected :joined the chat
2023-02-10T16:33:58.305435500:client 6 connected :joined the chat
2023-02-10T16:33:58.305435500:client 4 connected :client message: 0
2023-02-10T16:33:58.305435500:client 3 connected :client message: 0
2023-02-10T16:33:58.305435500:client 5 connected :client message: 0
2023-02-10T16:33:58.305435500:client 6 connected :client message: 0
2023-02-10T16:33:58.305435500:client 4 connected :client message: 0
2023-02-10T16:33:58.305435500:client 5 connected :client message: 0
2023-02-10T16:33:58.305435500:client 6 connected :client message: 0
2023-02-10T16:33:58.306431900:client 5 connected :client message: 0
2023-02-10T16:33:58.306431900:client 6 connected :client message: 0
2023-02-10T16:33:58.306431900:client 4 connected :client message: 0
2023-02-10T16:33:58.306431900:client 3 connected :client message: 0
2023-02-10T16:33:58.306431900:client 5 connected :client message: 0
2023-02-10T16:33:58.306431900:client 6 connected :client message: 0
2023-02-10T16:33:58.306431900:client 4 connected :client message: 0
2023-02-10T16:33:58.306431900:client 5 connected :client message: 1
2023-02-10T16:33:58.306431900:client 5 connected :client message: 1
2023-02-10T16:33:58.307429300:client 5 connected :client message: 1
2023-02-10T16:33:58.307429300:client 8 connected :joined the chat
2023-02-10T16:33:58.307429300:client 5 connected :client message: 1
2023-02-10T16:33:58.307429300:client 7 connected :joined the chat
2023-02-10T16:33:58.307429300:client 9 connected :joined the chat
2023-02-10T16:33:58.307429300:client 8 connected :joined the chat
2023-02-10T16:33:58.307429300:client 5 connected :client message: 1
2023-02-10T16:33:58.307429300:client 5 connected :client message: 1
2023-02-10T16:33:58.307429300:client 9 connected :joined the chat
2023-02-10T16:33:58.308427:client 8 connected :joined the chat
2023-02-10T16:33:58.308427:client 10 connected :joined the chat
2023-02-10T16:33:58.308427:client 8 connected :joined the chat
2023-02-10T16:33:58.308427:client 9 connected :joined the chat
2023-02-10T16:33:58.307429300:client 7 connected :joined the chat
2023-02-10T16:33:58.308427:client 10 connected :joined the chat
2023-02-10T16:33:58.308427:client 8 connected :client message: 0
2023-02-10T16:33:58.308427:client 7 connected :joined the chat
2023-02-10T16:33:58.309424400:client 10 connected :joined the chat
2023-02-10T16:33:58.309424400:client 8 connected :client message: 0
2023-02-10T16:33:58.309424400:client 8 connected :client message: 0
2023-02-10T16:33:58.309424400:client 10 connected :joined the chat
2023-02-10T16:33:58.309424400:client 8 connected :client message: 0
2023-02-10T16:33:58.309424400:client 10 connected :client message: 0
2023-02-10T16:33:58.309424400:client 9 connected :joined the chat
2023-02-10T16:33:58.310421900:client 7 connected :joined the chat
2023-02-10T16:33:58.310421900:client 8 connected :client message: 1
2023-02-10T16:33:58.310421900:client 10 connected :client message: 0
2023-02-10T16:33:58.311419600:client 8 connected :client message: 1
2023-02-10T16:33:58.311419600:client 10 connected :client message: 0
2023-02-10T16:33:58.311419600:client 8 connected :client message: 1
2023-02-10T16:33:58.312416:client 10 connected :client message: 0
2023-02-10T16:33:58.312416:client 8 connected :client message: 1
2023-02-10T16:33:58.312416:client 10 connected :client message: 1
2023-02-10T16:33:58.312416:client 10 connected :client message: 1
2023-02-10T16:35:57.597614600:client 1 connected :joined the chat
2023-02-10T16:35:57.602601600:client 1 connected :client message: 0
2023-02-10T16:35:57.603598800:client 1 connected :client message: 1
2023-02-10T16:35:57.603598800:client 1 connected :client message: 2
2023-02-10T16:35:57.603598800:client 1 connected :client message: 3
2023-02-10T16:35:57.603598800:client 1 connected :client message: 4
2023-02-10T16:35:58.582284700:client 2 connected :joined the chat
2023-02-10T16:35:58.582284700:client 2 connected :joined the chat
2023-02-10T16:35:58.582284700:client 2 connected :client message: 0
2023-02-10T16:35:58.583265600:client 2 connected :client message: 0
2023-02-10T16:35:58.583265600:client 2 connected :client message: 1
2023-02-10T16:35:58.583265600:client 2 connected :client message: 1
2023-02-10T16:35:58.583265600:client 2 connected :client message: 2
2023-02-10T16:35:58.584257200:client 2 connected :client message: 2
2023-02-10T16:35:58.584257200:client 2 connected :client message: 3
2023-02-10T16:35:58.584257200:client 2 connected :client message: 3
2023-02-10T16:35:58.584257200:client 2 connected :client message: 4
2023-02-10T16:35:58.584257200:client 2 connected :client message: 4
2023-02-10T16:35:59.597338600:client 3 connected :joined the chat
2023-02-10T16:35:59.597338600:client 3 connected :joined the chat
2023-02-10T16:35:59.597338600:client 3 connected :joined the chat
2023-02-10T16:35:59.597338600:client 3 connected :client message: 0
2023-02-10T16:35:59.597338600:client 3 connected :client message: 0
2023-02-10T16:35:59.598338300:client 3 connected :client message: 0
2023-02-10T16:35:59.598338300:client 3 connected :client message: 1
2023-02-10T16:35:59.598338300:client 3 connected :client message: 1
2023-02-10T16:35:59.598338300:client 3 connected :client message: 1
2023-02-10T16:35:59.598338300:client 3 connected :client message: 2
2023-02-10T16:35:59.598338300:client 3 connected :client message: 2
2023-02-10T16:35:59.599334800:client 3 connected :client message: 2
2023-02-10T16:35:59.599334800:client 3 connected :client message: 3
2023-02-10T16:35:59.599334800:client 3 connected :client message: 3
2023-02-10T16:35:59.599334800:client 3 connected :client message: 3
2023-02-10T16:35:59.600332700:client 3 connected :client message: 4
2023-02-10T16:35:59.600332700:client 3 connected :client message: 4
2023-02-10T16:35:59.600332700:client 3 connected :client message: 4
2023-02-10T16:36:00.612573700:client 4 connected :joined the chat
2023-02-10T16:36:00.613571:client 4 connected :joined the chat
2023-02-10T16:36:00.614573600:client 4 connected :joined the chat
2023-02-10T16:36:00.615565400:client 4 connected :joined the chat
2023-02-10T16:36:00.616593700:client 4 connected :client message: 0
2023-02-10T16:36:00.617597200:client 4 connected :client message: 0
2023-02-10T16:36:00.618572100:client 4 connected :client message: 0
2023-02-10T16:36:00.618572100:client 4 connected :client message: 0
2023-02-10T16:36:00.619559:client 4 connected :client message: 1
2023-02-10T16:36:00.621550300:client 4 connected :client message: 1
2023-02-10T16:36:00.622546500:client 4 connected :client message: 1
2023-02-10T16:36:00.624541:client 4 connected :client message: 1
2023-02-10T16:36:00.625538700:client 4 connected :client message: 2
2023-02-10T16:36:00.626541900:client 4 connected :client message: 2
2023-02-10T16:36:00.627532900:client 4 connected :client message: 2
2023-02-10T16:36:00.628530200:client 4 connected :client message: 2
2023-02-10T16:36:00.630524400:client 4 connected :client message: 3
2023-02-10T16:36:00.631521800:client 4 connected :client message: 3
2023-02-10T16:36:00.631521800:client 4 connected :client message: 3
2023-02-10T16:36:00.632518100:client 4 connected :client message: 3
2023-02-10T16:36:00.632518100:client 4 connected :client message: 4
2023-02-10T16:36:00.633515300:client 4 connected :client message: 4
2023-02-10T16:36:00.633515300:client 4 connected :client message: 4
2023-02-10T16:36:00.634512600:client 4 connected :client message: 4
2023-02-10T16:36:44.209304200:client 1 connected :joined the chat
2023-02-10T16:36:44.214290200:client 1 connected :client message: 0
2023-02-10T16:36:44.214290200:client 1 connected :client message: 1
2023-02-10T16:36:44.215287900:client 1 connected :client message: 2
2023-02-10T16:36:44.215287900:client 1 connected :client message: 3
2023-02-10T16:36:44.215287900:client 1 connected :client message: 4
2023-02-10T16:36:45.186458200:client 2 connected :joined the chat
2023-02-10T16:36:45.186458200:client 2 connected :joined the chat
2023-02-10T16:36:45.187464:client 2 connected :client message: 0
2023-02-10T16:36:45.187464:client 2 connected :client message: 0
2023-02-10T16:36:45.187464:client 2 connected :client message: 1
2023-02-10T16:36:45.187464:client 2 connected :client message: 1
2023-02-10T16:36:45.188452500:client 2 connected :client message: 2
2023-02-10T16:36:45.188452500:client 2 connected :client message: 2
2023-02-10T16:36:45.188452500:client 2 connected :client message: 3
2023-02-10T16:36:45.188452500:client 2 connected :client message: 3
2023-02-10T16:36:45.189450500:client 2 connected :client message: 4
2023-02-10T16:36:45.189450500:client 2 connected :client message: 4
2023-02-10T16:36:46.202541:client 3 connected :joined the chat
2023-02-10T16:36:46.203537:client 3 connected :joined the chat
2023-02-10T16:36:46.203537:client 3 connected :joined the chat
2023-02-10T16:36:46.204534800:client 3 connected :client message: 0
2023-02-10T16:36:46.205532500:client 3 connected :client message: 0
2023-02-10T16:36:46.206529400:client 3 connected :client message: 0
2023-02-10T16:36:46.207526100:client 3 connected :client message: 1
2023-02-10T16:36:46.208523600:client 3 connected :client message: 1
2023-02-10T16:36:46.208523600:client 3 connected :client message: 1
2023-02-10T16:36:46.210539100:client 3 connected :client message: 2
2023-02-10T16:36:46.210539100:client 3 connected :client message: 2
2023-02-10T16:36:46.211519400:client 3 connected :client message: 2
2023-02-10T16:36:46.212543900:client 3 connected :client message: 3
2023-02-10T16:36:46.213514100:client 3 connected :client message: 3
2023-02-10T16:36:46.213514100:client 3 connected :client message: 3
2023-02-10T16:36:46.213514100:client 3 connected :client message: 4
2023-02-10T16:36:46.214505800:client 3 connected :client message: 4
2023-02-10T16:36:46.214505800:client 3 connected :client message: 4
2023-02-10T16:36:47.214422800:client 4 connected :joined the chat
2023-02-10T16:36:47.214422800:client 4 connected :joined the chat
2023-02-10T16:36:47.214422800:client 4 connected :joined the chat
2023-02-10T16:36:47.214422800:client 4 connected :joined the chat
2023-02-10T16:36:47.214422800:client 4 connected :client message: 0
2023-02-10T16:36:47.215430200:client 4 connected :client message: 0
2023-02-10T16:36:47.215430200:client 4 connected :client message: 0
2023-02-10T16:36:47.215430200:client 4 connected :client message: 0
2023-02-10T16:36:47.215430200:client 4 connected :client message: 1
2023-02-10T16:36:47.215430200:client 4 connected :client message: 1
2023-02-10T16:36:47.216403200:client 4 connected :client message: 1
2023-02-10T16:36:47.216403200:client 4 connected :client message: 1
2023-02-10T16:36:47.216403200:client 4 connected :client message: 2
2023-02-10T16:36:47.216403200:client 4 connected :client message: 2
2023-02-10T16:36:47.216403200:client 4 connected :client message: 2
2023-02-10T16:36:47.217400300:client 4 connected :client message: 2
2023-02-10T16:36:47.217400300:client 4 connected :client message: 3
2023-02-10T16:36:47.217400300:client 4 connected :client message: 3
2023-02-10T16:36:47.217400300:client 4 connected :client message: 3
2023-02-10T16:36:47.217400300:client 4 connected :client message: 3
2023-02-10T16:36:47.218398200:client 4 connected :client message: 4
2023-02-10T16:36:47.218398200:client 4 connected :client message: 4
2023-02-10T16:36:47.218398200:client 4 connected :client message: 4
2023-02-10T16:36:47.218398200:client 4 connected :client message: 4
2023-02-10T16:36:48.219981100:client 5 connected :joined the chat
2023-02-10T16:36:48.221939500:client 5 connected :joined the chat
2023-02-10T16:36:48.222935600:client 5 connected :joined the chat
2023-02-10T16:36:48.223936600:client 5 connected :joined the chat
2023-02-10T16:36:48.224931300:client 5 connected :joined the chat
2023-02-10T16:36:48.225928200:client 5 connected :client message: 0
2023-02-10T16:36:48.226959:client 5 connected :client message: 0
2023-02-10T16:36:48.227963200:client 5 connected :client message: 0
2023-02-10T16:36:48.228923300:client 5 connected :client message: 0
2023-02-10T16:36:48.230915300:client 5 connected :client message: 0
2023-02-10T16:36:48.231912200:client 5 connected :client message: 1
2023-02-10T16:36:48.232908900:client 5 connected :client message: 1
2023-02-10T16:36:48.233905600:client 5 connected :client message: 1
2023-02-10T16:36:48.233905600:client 5 connected :client message: 1
2023-02-10T16:36:48.234903400:client 5 connected :client message: 1
2023-02-10T16:36:48.235900800:client 5 connected :client message: 2
2023-02-10T16:36:48.236898:client 5 connected :client message: 2
2023-02-10T16:36:48.237898300:client 5 connected :client message: 2
2023-02-10T16:36:48.237898300:client 5 connected :client message: 2
2023-02-10T16:36:48.238891900:client 5 connected :client message: 2
2023-02-10T16:36:48.238891900:client 5 connected :client message: 3
2023-02-10T16:36:48.238891900:client 5 connected :client message: 3
2023-02-10T16:36:48.239889200:client 5 connected :client message: 3
2023-02-10T16:36:48.239889200:client 5 connected :client message: 3
2023-02-10T16:36:48.240909800:client 5 connected :client message: 3
2023-02-10T16:36:48.240909800:client 5 connected :client message: 4
2023-02-10T16:36:48.241884100:client 5 connected :client message: 4
2023-02-10T16:36:48.241884100:client 5 connected :client message: 4
2023-02-10T16:36:48.242881300:client 5 connected :client message: 4
2023-02-10T16:36:48.242881300:client 5 connected :client message: 4
2023-02-10T16:36:49.227049900:client 6 connected :joined the chat
2023-02-10T16:36:49.228047400:client 6 connected :joined the chat
2023-02-10T16:36:49.229044900:client 6 connected :joined the chat
2023-02-10T16:36:49.230041400:client 6 connected :joined the chat
2023-02-10T16:36:49.231077:client 6 connected :joined the chat
2023-02-10T16:36:49.232068600:client 6 connected :joined the chat
2023-02-10T16:36:49.233071900:client 6 connected :client message: 0
2023-02-10T16:36:49.234031600:client 6 connected :client message: 0
2023-02-10T16:36:49.234031600:client 6 connected :client message: 0
2023-02-10T16:36:49.235032:client 6 connected :client message: 0
2023-02-10T16:36:49.236057500:client 6 connected :client message: 0
2023-02-10T16:36:49.237028600:client 6 connected :client message: 0
2023-02-10T16:36:49.238019700:client 6 connected :client message: 1
2023-02-10T16:36:49.238019700:client 6 connected :client message: 1
2023-02-10T16:36:49.239017200:client 6 connected :client message: 1
2023-02-10T16:36:49.240046200:client 6 connected :client message: 1
2023-02-10T16:36:49.240046200:client 6 connected :client message: 1
2023-02-10T16:36:49.241012100:client 6 connected :client message: 1
2023-02-10T16:36:49.242008700:client 6 connected :client message: 2
2023-02-10T16:36:49.242008700:client 6 connected :client message: 2
2023-02-10T16:36:49.243005200:client 6 connected :client message: 2
2023-02-10T16:36:49.243005200:client 6 connected :client message: 2
2023-02-10T16:36:49.244002800:client 6 connected :client message: 2
2023-02-10T16:36:49.244002800:client 6 connected :client message: 2
2023-02-10T16:36:49.245000200:client 6 connected :client message: 3
2023-02-10T16:36:49.245000200:client 6 connected :client message: 3
2023-02-10T16:36:49.245997300:client 6 connected :client message: 3
2023-02-10T16:36:49.245997300:client 6 connected :client message: 3
2023-02-10T16:36:49.246995:client 6 connected :client message: 3
2023-02-10T16:36:49.246995:client 6 connected :client message: 3
2023-02-10T16:36:49.247992:client 6 connected :client message: 4
2023-02-10T16:36:49.247992:client 6 connected :client message: 4
2023-02-10T16:36:49.248989600:client 6 connected :client message: 4
2023-02-10T16:36:49.248989600:client 6 connected :client message: 4
2023-02-10T16:36:49.249986600:client 6 connected :client message: 4
2023-02-10T16:36:49.250984700:client 6 connected :client message: 4
2023-02-10T16:36:50.236518400:client 7 connected :joined the chat
2023-02-10T16:36:50.237582800:client 7 connected :joined the chat
2023-02-10T16:36:50.237582800:client 7 connected :joined the chat
2023-02-10T16:36:50.238541100:client 7 connected :joined the chat
2023-02-10T16:36:50.238541100:client 7 connected :joined the chat
2023-02-10T16:36:50.238541100:client 7 connected :joined the chat
2023-02-10T16:36:50.239510200:client 7 connected :joined the chat
2023-02-10T16:36:50.239510200:client 7 connected :client message: 0
2023-02-10T16:36:50.239510200:client 7 connected :client message: 0
2023-02-10T16:36:50.240507500:client 7 connected :client message: 0
2023-02-10T16:36:50.240507500:client 7 connected :client message: 0
2023-02-10T16:36:50.240507500:client 7 connected :client message: 0
2023-02-10T16:36:50.241527100:client 7 connected :client message: 0
2023-02-10T16:36:50.241527100:client 7 connected :client message: 0
2023-02-10T16:36:50.241527100:client 7 connected :client message: 1
2023-02-10T16:36:50.242502100:client 7 connected :client message: 1
2023-02-10T16:36:50.242502100:client 7 connected :client message: 1
2023-02-10T16:36:50.242502100:client 7 connected :client message: 1
2023-02-10T16:36:50.242502100:client 7 connected :client message: 1
2023-02-10T16:36:50.243499300:client 7 connected :client message: 1
2023-02-10T16:36:50.243499300:client 7 connected :client message: 1
2023-02-10T16:36:50.243499300:client 7 connected :client message: 2
2023-02-10T16:36:50.244497400:client 7 connected :client message: 2
2023-02-10T16:36:50.244497400:client 7 connected :client message: 2
2023-02-10T16:36:50.244497400:client 7 connected :client message: 2
2023-02-10T16:36:50.244497400:client 7 connected :client message: 2
2023-02-10T16:36:50.244497400:client 7 connected :client message: 2
2023-02-10T16:36:50.244497400:client 7 connected :client message: 2
2023-02-10T16:36:50.244497400:client 7 connected :client message: 3
2023-02-10T16:36:50.244497400:client 7 connected :client message: 3
2023-02-10T16:36:50.245517600:client 7 connected :client message: 3
2023-02-10T16:36:50.245517600:client 7 connected :client message: 3
2023-02-10T16:36:50.245517600:client 7 connected :client message: 3
2023-02-10T16:36:50.245517600:client 7 connected :client message: 3
2023-02-10T16:36:50.245517600:client 7 connected :client message: 3
2023-02-10T16:36:50.245517600:client 7 connected :client message: 4
2023-02-10T16:36:50.246490700:client 7 connected :client message: 4
2023-02-10T16:36:50.246490700:client 7 connected :client message: 4
2023-02-10T16:36:50.247019700:client 7 connected :client message: 4
2023-02-10T16:36:50.247019700:client 7 connected :client message: 4
2023-02-10T16:36:50.247019700:client 7 connected :client message: 4
2023-02-10T16:36:50.247019700:client 7 connected :client message: 4
2023-02-10T16:36:51.244030:client 8 connected :joined the chat
2023-02-10T16:36:51.244030:client 8 connected :joined the chat
2023-02-10T16:36:51.244030:client 8 connected :joined the chat
2023-02-10T16:36:51.245028100:client 8 connected :joined the chat
2023-02-10T16:36:51.245028100:client 8 connected :joined the chat
2023-02-10T16:36:51.245028100:client 8 connected :joined the chat
2023-02-10T16:36:51.245028100:client 8 connected :joined the chat
2023-02-10T16:36:51.245028100:client 8 connected :joined the chat
2023-02-10T16:36:51.245028100:client 8 connected :client message: 0
2023-02-10T16:36:51.245028100:client 8 connected :client message: 0
2023-02-10T16:36:51.246024200:client 8 connected :client message: 0
2023-02-10T16:36:51.246024200:client 8 connected :client message: 0
2023-02-10T16:36:51.246024200:client 8 connected :client message: 0
2023-02-10T16:36:51.246024200:client 8 connected :client message: 0
2023-02-10T16:36:51.246024200:client 8 connected :client message: 0
2023-02-10T16:36:51.246024200:client 8 connected :client message: 0
2023-02-10T16:36:51.246024200:client 8 connected :client message: 1
2023-02-10T16:36:51.246024200:client 8 connected :client message: 1
2023-02-10T16:36:51.247021500:client 8 connected :client message: 1
2023-02-10T16:36:51.247021500:client 8 connected :client message: 1
2023-02-10T16:36:51.247021500:client 8 connected :client message: 1
2023-02-10T16:36:51.247021500:client 8 connected :client message: 1
2023-02-10T16:36:51.247021500:client 8 connected :client message: 1
2023-02-10T16:36:51.247021500:client 8 connected :client message: 1
2023-02-10T16:36:51.248019200:client 8 connected :client message: 2
2023-02-10T16:36:51.248019200:client 8 connected :client message: 2
2023-02-10T16:36:51.248019200:client 8 connected :client message: 2
2023-02-10T16:36:51.248019200:client 8 connected :client message: 2
2023-02-10T16:36:51.248019200:client 8 connected :client message: 2
2023-02-10T16:36:51.248019200:client 8 connected :client message: 2
2023-02-10T16:36:51.248019200:client 8 connected :client message: 2
2023-02-10T16:36:51.249017200:client 8 connected :client message: 2
2023-02-10T16:36:51.249017200:client 8 connected :client message: 3
2023-02-10T16:36:51.249017200:client 8 connected :client message: 3
2023-02-10T16:36:51.249017200:client 8 connected :client message: 3
2023-02-10T16:36:51.249017200:client 8 connected :client message: 3
2023-02-10T16:36:51.249017200:client 8 connected :client message: 3
2023-02-10T16:36:51.249017200:client 8 connected :client message: 3
2023-02-10T16:36:51.249017200:client 8 connected :client message: 3
2023-02-10T16:36:51.250013600:client 8 connected :client message: 3
2023-02-10T16:36:51.250013600:client 8 connected :client message: 4
2023-02-10T16:36:51.250013600:client 8 connected :client message: 4
2023-02-10T16:36:51.250013600:client 8 connected :client message: 4
2023-02-10T16:36:51.250013600:client 8 connected :client message: 4
2023-02-10T16:36:51.251011200:client 8 connected :client message: 4
2023-02-10T16:36:51.251011200:client 8 connected :client message: 4
2023-02-10T16:36:51.251011200:client 8 connected :client message: 4
2023-02-10T16:36:51.251011200:client 8 connected :client message: 4
2023-02-10T16:36:52.246161700:client 9 connected :joined the chat
2023-02-10T16:36:52.247161:client 9 connected :joined the chat
2023-02-10T16:36:52.247161:client 9 connected :joined the chat
2023-02-10T16:36:52.247161:client 9 connected :joined the chat
2023-02-10T16:36:52.248156300:client 9 connected :joined the chat
2023-02-10T16:36:52.248156300:client 9 connected :joined the chat
2023-02-10T16:36:52.248156300:client 9 connected :joined the chat
2023-02-10T16:36:52.248156300:client 9 connected :joined the chat
2023-02-10T16:36:52.249155300:client 9 connected :joined the chat
2023-02-10T16:36:52.249155300:client 9 connected :client message: 0
2023-02-10T16:36:52.249155300:client 9 connected :client message: 0
2023-02-10T16:36:52.249155300:client 9 connected :client message: 0
2023-02-10T16:36:52.250155300:client 9 connected :client message: 0
2023-02-10T16:36:52.250155300:client 9 connected :client message: 0
2023-02-10T16:36:52.250155300:client 9 connected :client message: 0
2023-02-10T16:36:52.251148500:client 9 connected :client message: 0
2023-02-10T16:36:52.251148500:client 9 connected :client message: 0
2023-02-10T16:36:52.252146200:client 9 connected :client message: 0
2023-02-10T16:36:52.252146200:client 9 connected :client message: 1
2023-02-10T16:36:52.252146200:client 9 connected :client message: 1
2023-02-10T16:36:52.252146200:client 9 connected :client message: 1
2023-02-10T16:36:52.253144300:client 9 connected :client message: 1
2023-02-10T16:36:52.253144300:client 9 connected :client message: 1
2023-02-10T16:36:52.253144300:client 9 connected :client message: 1
2023-02-10T16:36:52.254140200:client 9 connected :client message: 1
2023-02-10T16:36:52.254140200:client 9 connected :client message: 1
2023-02-10T16:36:52.254140200:client 9 connected :client message: 1
2023-02-10T16:36:52.254140200:client 9 connected :client message: 2
2023-02-10T16:36:52.254140200:client 9 connected :client message: 2
2023-02-10T16:36:52.255136800:client 9 connected :client message: 2
2023-02-10T16:36:52.255136800:client 9 connected :client message: 2
2023-02-10T16:36:52.255136800:client 9 connected :client message: 2
2023-02-10T16:36:52.255136800:client 9 connected :client message: 2
2023-02-10T16:36:52.255136800:client 9 connected :client message: 2
2023-02-10T16:36:52.255136800:client 9 connected :client message: 2
2023-02-10T16:36:52.256134200:client 9 connected :client message: 2
2023-02-10T16:36:52.256134200:client 9 connected :client message: 3
2023-02-10T16:36:52.256134200:client 9 connected :client message: 3
2023-02-10T16:36:52.256134200:client 9 connected :client message: 3
2023-02-10T16:36:52.256134200:client 9 connected :client message: 3
2023-02-10T16:36:52.256134200:client 9 connected :client message: 3
2023-02-10T16:36:52.257131400:client 9 connected :client message: 3
2023-02-10T16:36:52.257131400:client 9 connected :client message: 3
2023-02-10T16:36:52.257131400:client 9 connected :client message: 3
2023-02-10T16:36:52.257131400:client 9 connected :client message: 3
2023-02-10T16:36:52.257131400:client 9 connected :client message: 4
2023-02-10T16:36:52.257131400:client 9 connected :client message: 4
2023-02-10T16:36:52.257131400:client 9 connected :client message: 4
2023-02-10T16:36:52.258129900:client 9 connected :client message: 4
2023-02-10T16:36:52.258129900:client 9 connected :client message: 4
2023-02-10T16:36:52.258129900:client 9 connected :client message: 4
2023-02-10T16:36:52.258129900:client 9 connected :client message: 4
2023-02-10T16:36:52.258129900:client 9 connected :client message: 4
2023-02-10T16:36:52.258129900:client 9 connected :client message: 4
2023-02-10T16:36:53.251591600:client 10 connected :joined the chat
2023-02-10T16:36:53.252588:client 10 connected :joined the chat
2023-02-10T16:36:53.253621300:client 10 connected :joined the chat
2023-02-10T16:36:53.253621300:client 10 connected :joined the chat
2023-02-10T16:36:53.254582800:client 10 connected :joined the chat
2023-02-10T16:36:53.255607400:client 10 connected :joined the chat
2023-02-10T16:36:53.255607400:client 10 connected :joined the chat
2023-02-10T16:36:53.256611800:client 10 connected :joined the chat
2023-02-10T16:36:53.256611800:client 10 connected :joined the chat
2023-02-10T16:36:53.256611800:client 10 connected :joined the chat
2023-02-10T16:36:53.256611800:client 10 connected :client message: 0
2023-02-10T16:36:53.256611800:client 10 connected :client message: 0
2023-02-10T16:36:53.257569:client 10 connected :client message: 0
2023-02-10T16:36:53.257569:client 10 connected :client message: 0
2023-02-10T16:36:53.257569:client 10 connected :client message: 0
2023-02-10T16:36:53.257569:client 10 connected :client message: 0
2023-02-10T16:36:53.257569:client 10 connected :client message: 0
2023-02-10T16:36:53.258566800:client 10 connected :client message: 0
2023-02-10T16:36:53.258566800:client 10 connected :client message: 0
2023-02-10T16:36:53.258566800:client 10 connected :client message: 0
2023-02-10T16:36:53.258566800:client 10 connected :client message: 1
2023-02-10T16:36:53.258566800:client 10 connected :client message: 1
2023-02-10T16:36:53.259566600:client 10 connected :client message: 1
2023-02-10T16:36:53.259566600:client 10 connected :client message: 1
2023-02-10T16:36:53.259566600:client 10 connected :client message: 1
2023-02-10T16:36:53.259566600:client 10 connected :client message: 1
2023-02-10T16:36:53.259566600:client 10 connected :client message: 1
2023-02-10T16:36:53.259566600:client 10 connected :client message: 1
2023-02-10T16:36:53.260561900:client 10 connected :client message: 1
2023-02-10T16:36:53.260561900:client 10 connected :client message: 1
2023-02-10T16:36:53.260561900:client 10 connected :client message: 2
2023-02-10T16:36:53.260561900:client 10 connected :client message: 2
2023-02-10T16:36:53.260561900:client 10 connected :client message: 2
2023-02-10T16:36:53.261568800:client 10 connected :client message: 2
2023-02-10T16:36:53.261568800:client 10 connected :client message: 2
2023-02-10T16:36:53.261568800:client 10 connected :client message: 2
2023-02-10T16:36:53.261568800:client 10 connected :client message: 2
2023-02-10T16:36:53.261568800:client 10 connected :client message: 2
2023-02-10T16:36:53.261568800:client 10 connected :client message: 2
2023-02-10T16:36:53.262555:client 10 connected :client message: 2
2023-02-10T16:36:53.262555:client 10 connected :client message: 3
2023-02-10T16:36:53.262555:client 10 connected :client message: 3
2023-02-10T16:36:53.262555:client 10 connected :client message: 3
2023-02-10T16:36:53.262555:client 10 connected :client message: 3
2023-02-10T16:36:53.262555:client 10 connected :client message: 3
2023-02-10T16:36:53.262555:client 10 connected :client message: 3
2023-02-10T16:36:53.263552300:client 10 connected :client message: 3
2023-02-10T16:36:53.263552300:client 10 connected :client message: 3
2023-02-10T16:36:53.263552300:client 10 connected :client message: 3
2023-02-10T16:36:53.263552300:client 10 connected :client message: 3
2023-02-10T16:36:53.263552300:client 10 connected :client message: 4
2023-02-10T16:36:53.263552300:client 10 connected :client message: 4
2023-02-10T16:36:53.263552300:client 10 connected :client message: 4
2023-02-10T16:36:53.263552300:client 10 connected :client message: 4
2023-02-10T16:36:53.264549400:client 10 connected :client message: 4
2023-02-10T16:36:53.264549400:client 10 connected :client message: 4
2023-02-10T16:36:53.264549400:client 10 connected :client message: 4
2023-02-10T16:36:53.265547600:client 10 connected :client message: 4
2023-02-10T16:36:53.265547600:client 10 connected :client message: 4
2023-02-10T16:36:53.265547600:client 10 connected :client message: 4
